Begin changelog.
Sat Dec  9 2017
1.9M    TermuxArch/
1.6M    TermuxArch/.git
Wed Jan 10 2018
4.9M    TermuxArch/
4.5M    TermuxArch/.git
Computed on 20180117 branch master.
1.2M	.git
1.9M	.
Computed on 20180129 branch master.
8.8M	.git
11M	.
Computed on 20180204 branch master.
14M	.git
16M	.
Computed on 20180719 branch master.
32.8M	.git
38.5M	.
Computed on 20180919 branch master.
90.7M	.git
96.2M	.
RESET: size
3.2M	.git
8.7M	.
Computed on 20190603 branch master.
3780	.git
4048	.
RESET: size
388	.git
656	.
Computed on 20190611 branch master.
692	.git
1044	.
Computed on 20200718 branch master:
2464	.git
2992	.
RESET: size
1024	.git
1552	.
Computed on 20200811 branch master: TermuxArch
1020	.git
1536	.
RESET: module structure
Size in KB
1004	.git
1472	.
# TermuxArch CHANGE.log EOF
