dpkg --print-architecture result:
aarch64
uname -a results:
Linux localhost 4.14.190-perf+ #1 SMP PREEMPT Thu Nov 11 19:00:34 CST 2021 aarch64 Android

BASH_VERSINFO[0] = 5
BASH_VERSINFO[1] = 1
BASH_VERSINFO[2] = 12
BASH_VERSINFO[3] = 1
BASH_VERSINFO[4] = release
BASH_VERSINFO[5] = aarch64-unknown-linux-android
cat /proc/cpuinfo results:
Processor	: AArch64 Processor rev 14 (aarch64)
processor	: 0
BogoMIPS	: 38.00
Features	: fp asimd evtstrm aes pmull sha1 sha2 crc32 atomics fphp asimdhp cpuid asimdrdm lrcpc dcpop asimddp
CPU implementer	: 0x51
CPU architecture: 8
CPU variant	: 0xd
CPU part	: 0x805
CPU revision	: 14

processor	: 1
BogoMIPS	: 38.00
Features	: fp asimd evtstrm aes pmull sha1 sha2 crc32 atomics fphp asimdhp cpuid asimdrdm lrcpc dcpop asimddp
CPU implementer	: 0x51
CPU architecture: 8
CPU variant	: 0xd
CPU part	: 0x805
CPU revision	: 14

processor	: 2
BogoMIPS	: 38.00
Features	: fp asimd evtstrm aes pmull sha1 sha2 crc32 atomics fphp asimdhp cpuid asimdrdm lrcpc dcpop asimddp
CPU implementer	: 0x51
CPU architecture: 8
CPU variant	: 0xd
CPU part	: 0x805
CPU revision	: 14

processor	: 3
BogoMIPS	: 38.00
Features	: fp asimd evtstrm aes pmull sha1 sha2 crc32 atomics fphp asimdhp cpuid asimdrdm lrcpc dcpop asimddp
CPU implementer	: 0x51
CPU architecture: 8
CPU variant	: 0xd
CPU part	: 0x805
CPU revision	: 14

processor	: 4
BogoMIPS	: 38.00
Features	: fp asimd evtstrm aes pmull sha1 sha2 crc32 atomics fphp asimdhp cpuid asimdrdm lrcpc dcpop asimddp
CPU implementer	: 0x51
CPU architecture: 8
CPU variant	: 0xd
CPU part	: 0x805
CPU revision	: 14

processor	: 5
BogoMIPS	: 38.00
Features	: fp asimd evtstrm aes pmull sha1 sha2 crc32 atomics fphp asimdhp cpuid asimdrdm lrcpc dcpop asimddp
CPU implementer	: 0x51
CPU architecture: 8
CPU variant	: 0xd
CPU part	: 0x805
CPU revision	: 14

processor	: 6
BogoMIPS	: 38.00
Features	: fp asimd evtstrm aes pmull sha1 sha2 crc32 atomics fphp asimdhp cpuid asimdrdm lrcpc dcpop asimddp
CPU implementer	: 0x51
CPU architecture: 8
CPU variant	: 0xd
CPU part	: 0x804
CPU revision	: 14

processor	: 7
BogoMIPS	: 38.00
Features	: fp asimd evtstrm aes pmull sha1 sha2 crc32 atomics fphp asimdhp cpuid asimdrdm lrcpc dcpop asimddp
CPU implementer	: 0x51
CPU architecture: 8
CPU variant	: 0xd
CPU part	: 0x804
CPU revision	: 14

Hardware	: Qualcomm Technologies, Inc SM6150
getprop | grep product.cpu results:
[ro.product.cpu.abi]: [arm64-v8a]
[ro.product.cpu.abilist]: [arm64-v8a,armeabi-v7a,armeabi]
[ro.product.cpu.abilist32]: [armeabi-v7a,armeabi]
[ro.product.cpu.abilist64]: [arm64-v8a]
getprop | grep net\\. results:
[net.bt.name]: [Android]
[net.lte.ims.data.enabled]: [true]
[net.qtaguid_enabled]: [1]
[net.tcp.2g_init_rwnd]: [10]
[net.tcp.default_init_rwnd]: [60]
Further getprop results:
[getprop gsm.sim.operator.iso-country]: [us]
[getprop persist.sys.locale]: [en-US]
[getprop ro.build.target_country]: []
[getprop ro.build.version.release]: [11(getprop ro.build.version.release)]
[getprop ro.build.version.preview_sdk]: [0]
[getprop ro.build.version.sdk]: [30]
[getprop ro.com.google.clientidbase]: [android-motorola]
[getprop ro.com.google.clientidbase.am]: []
[getprop ro.com.google.clientidbase.ms]: [android-boost-us-revc]
[getprop ro.product.device]: [minsk]
[getprop ro.product.first_api_level]: [29]
[getprop ro.product.locale]: [en-US]
[getprop ro.product.manufacturer]: [motorola]
[getprop ro.product.model]: [moto g stylus (2021)]
Download directory information results:
Device information results:
/dev/shm does not exist
/dev/shm is not readable
/proc/stat does not exit
/proc/stat is not readable
/sys/ashmmem does not exist
/sys/ashmmem is not readable
/sys/shm does not exist
/sys/shm is not readable

Disk report 564340 on /data Tue Feb  1 14:58:44 EST 2022

df /data/data/com.termux/files/home/arch results:
Filesystem                             1K-blocks      Used Available Use% Mounted on
/dev/block/bootdevice/by-name/userdata 113285100 112589696    564332 100% /data/user/0

df results:

Filesystem                             1K-blocks      Used Available Use% Mounted on
/dev/block/dm-6                          1258028   1254192         0 100% /
tmpfs                                    1846424      1500   1844924   1% /dev
tmpfs                                    1846424         0   1846424   0% /mnt
/dev/block/dm-7                           697184    695072         0 100% /vendor
/dev/block/bootdevice/by-name/fsg_b        19388     19380         0 100% /vendor/fsg
/dev/block/dm-8                          2798704   2790304         0 100% /product
tmpfs                                    1846424         0   1846424   0% /apex
/dev/block/dm-9                            18240     18212         0 100% /apex/com.android.media.swcodec@302000400
/dev/block/dm-10                            4772      4744         0 100% /apex/com.android.media@302000400
/dev/block/loop8                            5120      5084         0 100% /apex/com.android.runtime@1
/dev/block/loop9                           84976     84944         0 100% /apex/com.android.art@1
/dev/block/loop10                            332       300        28  92% /apex/com.android.sdkext@300901600
/dev/block/loop11                           4744      4716         0 100% /apex/com.android.extservices@301900200
/dev/block/loop12                            560       532        20  97% /apex/com.android.ipsec@301900100
/dev/block/loop13                           5360      5328         0 100% /apex/com.android.neuralnetworks@300901600
/dev/block/loop14                          24924     24892         0 100% /apex/com.android.i18n@1
/dev/block/loop15                           1280      1248         8 100% /apex/com.android.tethering@301900200
/dev/block/loop16                           8580      8548         0 100% /apex/com.android.permission@301900600
/dev/block/loop17                           6992      6964         0 100% /apex/com.android.cellbroadcast@301900000
/dev/block/loop18                           4884      4856         0 100% /apex/com.android.wifi@301700904
/dev/block/loop19                            844       816        12  99% /apex/com.android.tzdata@301700904
/dev/block/loop20                           7728      7700         0 100% /apex/com.android.adbd@301400204
/dev/block/loop21                           2424      2392         0 100% /apex/com.android.resolv@301900000
/dev/block/loop22                         111196    111168         0 100% /apex/com.android.vndk.v30@1
/dev/block/loop23                           1724      1696         0 100% /apex/com.android.os.statsd@301800200
/dev/block/loop24                           4748      4720         0 100% /apex/com.android.conscrypt@301800104
/dev/block/loop25                           3860      3832         0 100% /apex/com.android.mediaprovider@301900101
/dev/block/loop26                            232        92       136  41% /apex/com.android.apex.cts.shim@1
/dev/block/bootdevice/by-name/userdata 113285100 112589696    564332 100% /data
/dev/fuse                              113285100 112589696    564332 100% /storage/emulated

du -hs /data/data/com.termux/files/home/arch results:

2.3G	/data/data/com.termux/files/home/arch

ls -al /data/data/com.termux/files/home/arch results:

total 86
drwxr-xr-x 15 u0_a230 u0_a230  3488 Feb  1 14:58 .
drwx------ 35 u0_a230 u0_a230 20480 Feb  1 14:58 ..
lrwxrwxrwx  1 u0_a230 u0_a230    18 Dec  9 08:54 bin -> usr/bin
drwxr-xr-x  2 u0_a230 u0_a230  3488 Nov 19 22:43 dev
drwxr-xr-x 45 u0_a230 u0_a230  8192 Feb  1 14:58 etc
drwxr-xr-x  4 u0_a230 u0_a230  3488 Jan 24 17:17 home
lrwxrwxrwx  1 u0_a230 u0_a230    18 Dec  9 08:54 lib -> usr/lib
drwxr-xr-x  2 u0_a230 u0_a230  3488 Nov 11 17:09 mnt
drwxr-xr-x  2 u0_a230 u0_a230  3488 Nov 11 17:09 opt
dr-xr-xr-x  2 u0_a230 u0_a230  3488 Nov 19 22:43 proc
drwxr-x---  5 u0_a230 u0_a230  3488 Jan 29 18:02 root
drwxr-xr-x 11 u0_a230 u0_a230  3488 Jan 24 17:17 run
lrwxrwxrwx  1 u0_a230 u0_a230    18 Dec  9 08:54 sbin -> usr/bin
drwxr-xr-x  4 u0_a230 u0_a230  3488 Nov 19 22:43 srv
-rwx------  1 u0_a230 u0_a230 15976 Feb  1 14:58 startarch
dr-xr-xr-x  2 u0_a230 u0_a230  3488 Nov 19 22:43 sys
drwxrwxrwt 27 u0_a230 u0_a230  3488 Feb  1 14:58 tmp
drwxr-xr-x  8 u0_a230 u0_a230  3488 Jan 29 20:35 usr
drwxr-xr-x 14 u0_a230 u0_a230  3488 Jan 24 17:16 var

This file is found at '/data/data/com.termux/files/home/tt/setupTermuxArchSysInfo3819.log'.

End 'setupTermuxArchSysInfo3819.log' version 2.0.1467 system information.[0m
