dpkg --print-architecture result:
aarch64
uname -a results:
Linux localhost 4.14.117-perf+ #1 SMP PREEMPT Mon Jun 28 02:56:44 CDT 2021 aarch64 Android

BASH_VERSINFO[0] = 5
BASH_VERSINFO[1] = 1
BASH_VERSINFO[2] = 8
BASH_VERSINFO[3] = 1
BASH_VERSINFO[4] = release
BASH_VERSINFO[5] = aarch64-unknown-linux-android
cat /proc/cpuinfo results:
Processor	: AArch64 Processor rev 14 (aarch64)
processor	: 0
BogoMIPS	: 38.00
Features	: fp asimd evtstrm aes pmull sha1 sha2 crc32 atomics fphp asimdhp cpuid asimdrdm lrcpc dcpop asimddp
CPU implementer	: 0x51
CPU architecture: 8
CPU variant	: 0xd
CPU part	: 0x805
CPU revision	: 14

processor	: 1
BogoMIPS	: 38.00
Features	: fp asimd evtstrm aes pmull sha1 sha2 crc32 atomics fphp asimdhp cpuid asimdrdm lrcpc dcpop asimddp
CPU implementer	: 0x51
CPU architecture: 8
CPU variant	: 0xd
CPU part	: 0x805
CPU revision	: 14

processor	: 2
BogoMIPS	: 38.00
Features	: fp asimd evtstrm aes pmull sha1 sha2 crc32 atomics fphp asimdhp cpuid asimdrdm lrcpc dcpop asimddp
CPU implementer	: 0x51
CPU architecture: 8
CPU variant	: 0xd
CPU part	: 0x805
CPU revision	: 14

processor	: 3
BogoMIPS	: 38.00
Features	: fp asimd evtstrm aes pmull sha1 sha2 crc32 atomics fphp asimdhp cpuid asimdrdm lrcpc dcpop asimddp
CPU implementer	: 0x51
CPU architecture: 8
CPU variant	: 0xd
CPU part	: 0x805
CPU revision	: 14

processor	: 4
BogoMIPS	: 38.00
Features	: fp asimd evtstrm aes pmull sha1 sha2 crc32 atomics fphp asimdhp cpuid asimdrdm lrcpc dcpop asimddp
CPU implementer	: 0x51
CPU architecture: 8
CPU variant	: 0xd
CPU part	: 0x805
CPU revision	: 14

processor	: 5
BogoMIPS	: 38.00
Features	: fp asimd evtstrm aes pmull sha1 sha2 crc32 atomics fphp asimdhp cpuid asimdrdm lrcpc dcpop asimddp
CPU implementer	: 0x51
CPU architecture: 8
CPU variant	: 0xd
CPU part	: 0x805
CPU revision	: 14

processor	: 6
BogoMIPS	: 38.00
Features	: fp asimd evtstrm aes pmull sha1 sha2 crc32 atomics fphp asimdhp cpuid asimdrdm lrcpc dcpop asimddp
CPU implementer	: 0x51
CPU architecture: 8
CPU variant	: 0xd
CPU part	: 0x804
CPU revision	: 14

processor	: 7
BogoMIPS	: 38.00
Features	: fp asimd evtstrm aes pmull sha1 sha2 crc32 atomics fphp asimdhp cpuid asimdrdm lrcpc dcpop asimddp
CPU implementer	: 0x51
CPU architecture: 8
CPU variant	: 0xd
CPU part	: 0x804
CPU revision	: 14

Hardware	: Qualcomm Technologies, Inc SM6150
getprop | grep product.cpu results:
[ro.product.cpu.abi]: [arm64-v8a]
[ro.product.cpu.abilist]: [arm64-v8a,armeabi-v7a,armeabi]
[ro.product.cpu.abilist32]: [armeabi-v7a,armeabi]
[ro.product.cpu.abilist64]: [arm64-v8a]
Download directory information results:
Device information results:
/dev/shm does not exist
/dev/shm is not readable
/proc/stat does not exit
/proc/stat is not readable
/sys/ashmmem does not exist
/sys/ashmmem is not readable
/sys/shm does not exist
/sys/shm is not readable
getprop results:
[getprop gsm.sim.operator.iso-country]: [us]
[getprop net.bt.name]: [Android]
[getprop net.dns1]: []
[getprop net.dns2]: []
[getprop net.dns3]: []
[getprop net.dns4]: []
[getprop persist.sys.locale]: [en-US]
[getprop ro.build.target_country]: []
[getprop ro.build.version.release]: [10(getprop ro.build.version.release)]
[getprop ro.build.version.preview_sdk]: [0]
[getprop ro.build.version.sdk]: [29]
[getprop ro.com.google.clientidbase]: [android-motorola]
[getprop ro.com.google.clientidbase.am]: []
[getprop ro.com.google.clientidbase.ms]: [android-boost-us-revc]
[getprop ro.product.device]: [minsk]
[getprop ro.product.first_api_level]: [29]
[getprop ro.product.locale]: [en-US]
[getprop ro.product.manufacturer]: [motorola]
[getprop ro.product.model]: [moto g stylus (2021)]

Disk report 927724 on /data Wed Oct 20 20:29:39 EDT 2021

df /data/data/com.termux/files/home/arch results:
Filesystem                             1K-blocks      Used Available Use% Mounted on
/dev/block/bootdevice/by-name/userdata 113285100 112226312    927716 100% /data

df results:

Filesystem                             1K-blocks      Used Available Use% Mounted on
/dev/block/dm-6                           829684    826808         0 100% /
tmpfs                                    1847484      1236   1846248   1% /dev
tmpfs                                    1847484         0   1847484   0% /mnt
tmpfs                                    1847484         0   1847484   0% /apex
/dev/block/dm-9                            18240     18212         0 100% /apex/com.android.media.swcodec@302000400
/dev/block/dm-10                             836       808        12  99% /apex/com.android.tzdata@293500000
/dev/block/dm-11                            4772      4744         0 100% /apex/com.android.media@302000400
/dev/block/loop5                            1616      1588         0 100% /apex/com.android.resolv@290000000
/dev/block/loop6                            5092      5064         0 100% /apex/com.android.conscrypt@290000000
/dev/block/loop7                          100376    100340         0 100% /apex/com.android.runtime@1
/dev/block/loop8                             232        36       192  16% /apex/com.android.apex.cts.shim@1
/dev/block/dm-7                           649372    647172         0 100% /vendor
/dev/block/bootdevice/by-name/fsg_b        19016     19008         0 100% /vendor/fsg
/dev/block/dm-8                          2862380   2853664         0 100% /product
/dev/block/bootdevice/by-name/userdata 113285100 112226312    927716 100% /data
/data/media                            113285100 112226312    927716 100% /storage/emulated
/mnt/media_rw/77E2-5DC3                999842816  42269952 957572864   5% /storage/77E2-5DC3

du -hs /data/data/com.termux/files/home/arch results:

761M	/data/data/com.termux/files/home/arch

ls -al /data/data/com.termux/files/home/arch results:

total 74
drwxr-xr-x 15 u0_a230 u0_a230  3488 Oct 20 19:44 .
drwx------ 29 u0_a230 u0_a230  8192 Oct 20 20:22 ..
lrwxrwxrwx  1 u0_a230 u0_a230    18 Jun  1 17:23 bin -> usr/bin
drwxr-xr-x  2 u0_a230 u0_a230  3488 Jul  1 10:05 dev
drwxr-xr-x 38 u0_a230 u0_a230  8192 Oct 20 19:44 etc
drwxr-xr-x  4 u0_a230 u0_a230  3488 Aug  1 12:51 home
lrwxrwxrwx  1 u0_a230 u0_a230    18 Jun  1 17:23 lib -> usr/lib
drwxr-xr-x  2 u0_a230 u0_a230  3488 Jun  1 17:23 mnt
drwxr-xr-x  2 u0_a230 u0_a230  3488 Jun  1 17:23 opt
dr-xr-xr-x  2 u0_a230 u0_a230  3488 Jul  1 10:05 proc
drwxr-x---  4 u0_a230 u0_a230  3488 Oct 17 16:16 root
drwxr-xr-x 11 u0_a230 u0_a230  3488 Aug  1 12:51 run
lrwxrwxrwx  1 u0_a230 u0_a230    18 Jun  1 17:23 sbin -> usr/bin
drwxr-xr-x  4 u0_a230 u0_a230  3488 Jul  1 10:05 srv
-rwx------  1 u0_a230 u0_a230 15410 Oct 20 19:44 startarch
dr-xr-xr-x  2 u0_a230 u0_a230  3488 Jul  1 10:05 sys
drwxrwxrwt 27 u0_a230 u0_a230  3488 Oct 20 20:29 tmp
drwxr-xr-x  8 u0_a230 u0_a230  3488 Oct 16 20:20 usr
drwxr-xr-x 14 u0_a230 u0_a230  3488 Aug  1 12:41 var

This file is found at '/data/data/com.termux/files/home/GitHub/TermuxArch/TermuxArch/setupTermuxArchSysInfo8608.log'.

End 'setupTermuxArchSysInfo8608.log' 2.0.1277 system information.[0m
